<?xml version="1.0" encoding="UTF-8"?>
<testng-results ignored="0" total="2" passed="2" failed="0" skipped="0">
  <reporter-output>
  </reporter-output>
  <suite started-at="2021-11-09T12:21:44Z" name="Default suite" finished-at="2021-11-09T12:21:48Z" duration-ms="3836">
    <groups>
    </groups>
    <test started-at="2021-11-09T12:21:44Z" name="Default test" finished-at="2021-11-09T12:21:48Z" duration-ms="3836">
      <class name="day1.GitHubExample">
        <test-method signature="addRepository()[pri:0, instance:day1.GitHubExample@30c8681]" started-at="2021-11-09T12:21:44Z" name="addRepository" description="Adding repository" finished-at="2021-11-09T12:21:47Z" duration-ms="3347" status="PASS">
          <reporter-output>
          </reporter-output>
        </test-method> <!-- addRepository -->
        <test-method signature="getAllRepo()[pri:0, instance:day1.GitHubExample@30c8681]" started-at="2021-11-09T12:21:47Z" name="getAllRepo" description="getting all repositories" finished-at="2021-11-09T12:21:48Z" duration-ms="432" status="PASS">
          <reporter-output>
          </reporter-output>
        </test-method> <!-- getAllRepo -->
      </class> <!-- day1.GitHubExample -->
    </test> <!-- Default test -->
  </suite> <!-- Default suite -->
</testng-results>
